<?xml version="1.0" encoding="UTF-8"?>
<testsuite xmlns:xsi="http://www.w3.org/2001/XMLSchema-instance" xsi:noNamespaceSchemaLocation="https://maven.apache.org/surefire/maven-surefire-plugin/xsd/surefire-test-report.xsd" version="3.0.2" name="org.javaweb.springbootweb01.SpringbootWeb01ApplicationTests" time="4.653" tests="1" errors="0" skipped="0" failures="0">
  <properties>
[...]
</properties>
  <testcase name="contextLoads" classname="org.javaweb.springbootweb01.SpringbootWeb01ApplicationTests" time="1.132">
    <system-out><![CDATA[21:39:58.313 [main] INFO org.springframework.test.context.support.AnnotationConfigContextLoaderUtils -- Could not detect default configuration classes for test class [org.javaweb.springbootweb01.SpringbootWeb01ApplicationTests]: SpringbootWeb01ApplicationTests does not declare any static, non-private, non-final, nested classes annotated with @Configuration.
21:39:58.538 [main] INFO org.springframework.boot.test.context.SpringBootTestContextBootstrapper -- Found @SpringBootConfiguration org.javaweb.springbootweb01.SpringbootWeb01Application for test class org.javaweb.springbootweb01.SpringbootWeb01ApplicationTests

  .   ____          _            __ _ _
 /\\ / ___'_ __ _ _(_)_ __  __ _ \ \ \ \
( ( )\___ | '_ | '_| | '_ \/ _` | \ \ \ \
 \\/  ___)| |_)| | | | | || (_| |  ) ) ) )
  '  |____| .__|_| |_|_| |_\__, | / / / /
 =========|_|==============|___/=/_/_/_/

 :: Spring Boot ::                (v4.0.1)

2026-01-23T21:39:59.681+08:00  INFO 19260 --- [springboot-web-01] [           main] o.j.s.SpringbootWeb01ApplicationTests    : Starting SpringbootWeb01ApplicationTests using Java 22.0.2 with PID 19260 (started by tswos in F:\JavaWeb_Works\Day4\springboot-web-01)
2026-01-23T21:39:59.683+08:00  INFO 19260 --- [springboot-web-01] [           main] o.j.s.SpringbootWeb01ApplicationTests    : No active profile set, falling back to 1 default profile: "default"
2026-01-23T21:40:01.501+08:00  INFO 19260 --- [springboot-web-01] [           main] o.j.s.SpringbootWeb01ApplicationTests    : Started SpringbootWeb01ApplicationTests in 2.43 seconds (process running for 4.783)
]]></system-out>
    <system-err><![CDATA[Mockito is currently self-attaching to enable the inline-mock-maker. This will no longer work in future releases of the JDK. Please add Mockito as an agent to your build as described in Mockito's documentation: https://javadoc.io/doc/org.mockito/mockito-core/latest/org.mockito/org/mockito/Mockito.html#0.3
WARNING: A Java agent has been loaded dynamically (F:\JavaWeb_Works\Day3\apache-maven-3.9.12-bin\apache-maven-3.9.12\mvn_repo\net\bytebuddy\byte-buddy-agent\1.17.8\byte-buddy-agent-1.17.8.jar)
WARNING: If a serviceability tool is in use, please run with -XX:+EnableDynamicAgentLoading to hide this warning
WARNING: If a serviceability tool is not in use, please run with -Djdk.instrument.traceUsage for more information
WARNING: Dynamic loading of agents will be disallowed by default in a future release
]]></system-err>
  </testcase>
</testsuite>