<?xml version="1.0" encoding="UTF-8"?>
<testsuite xmlns:xsi="http://www.w3.org/2001/XMLSchema-instance" xsi:noNamespaceSchemaLocation="https://maven.apache.org/surefire/maven-surefire-plugin/xsd/surefire-test-report.xsd" version="3.0.2" name="org.javaweb.MybatisDemoApplicationTests" time="2.631" tests="1" errors="0" skipped="0" failures="0">
  <properties>
[...]
</properties>
  <testcase name="testFindAll" classname="org.javaweb.MybatisDemoApplicationTests" time="1.004">
    <system-out><![CDATA[23:43:45.313 [main] INFO org.springframework.test.context.support.AnnotationConfigContextLoaderUtils -- Could not detect default configuration classes for test class [org.javaweb.MybatisDemoApplicationTests]: MybatisDemoApplicationTests does not declare any static, non-private, non-final, nested classes annotated with @Configuration.
23:43:45.385 [main] INFO org.springframework.boot.test.context.SpringBootTestContextBootstrapper -- Found @SpringBootConfiguration org.javaweb.MybatisDemoApplication for test class org.javaweb.MybatisDemoApplicationTests

  .   ____          _            __ _ _
 /\\ / ___'_ __ _ _(_)_ __  __ _ \ \ \ \
( ( )\___ | '_ | '_| | '_ \/ _` | \ \ \ \
 \\/  ___)| |_)| | | | | || (_| |  ) ) ) )
  '  |____| .__|_| |_|_| |_\__, | / / / /
 =========|_|==============|___/=/_/_/_/

 :: Spring Boot ::                (v4.0.2)

2026-02-01T23:43:45.753+08:00  INFO 9504 --- [Mybatis-demo] [           main] o.javaweb.MybatisDemoApplicationTests    : Starting MybatisDemoApplicationTests using Java 22.0.2 with PID 9504 (started by tswos in F:\JavaWeb_Works\Day6\Mybatis-demo)
2026-02-01T23:43:45.754+08:00  INFO 9504 --- [Mybatis-demo] [           main] o.javaweb.MybatisDemoApplicationTests    : No active profile set, falling back to 1 default profile: "default"
2026-02-01T23:43:46.753+08:00  INFO 9504 --- [Mybatis-demo] [           main] o.javaweb.MybatisDemoApplicationTests    : Started MybatisDemoApplicationTests in 1.262 seconds (process running for 2.166)
2026-02-01T23:43:47.408+08:00  INFO 9504 --- [Mybatis-demo] [           main] com.zaxxer.hikari.HikariDataSource       : HikariPool-1 - Starting...
2026-02-01T23:43:47.715+08:00  INFO 9504 --- [Mybatis-demo] [           main] com.zaxxer.hikari.pool.HikariPool        : HikariPool-1 - Added connection com.mysql.cj.jdbc.ConnectionImpl@52f43225
2026-02-01T23:43:47.717+08:00  INFO 9504 --- [Mybatis-demo] [           main] com.zaxxer.hikari.HikariDataSource       : HikariPool-1 - Start completed.
User(id=1, username=daqiao, password=123456, name=大乔, age=25)
User(id=2, username=xiaoqiao, password=123456, name=小乔, age=18)
User(id=3, username=diaochan, password=123456, name=貂蝉, age=24)
User(id=4, username=lvbu, password=123456, name=吕布, age=28)
User(id=5, username=zhaoyun, password=12345678, name=赵云, age=27)
]]></system-out>
    <system-err><![CDATA[Mockito is currently self-attaching to enable the inline-mock-maker. This will no longer work in future releases of the JDK. Please add Mockito as an agent to your build as described in Mockito's documentation: https://javadoc.io/doc/org.mockito/mockito-core/latest/org.mockito/org/mockito/Mockito.html#0.3
WARNING: A Java agent has been loaded dynamically (F:\JavaWeb_Works\Day3\apache-maven-3.9.12-bin\apache-maven-3.9.12\mvn_repo\net\bytebuddy\byte-buddy-agent\1.17.8\byte-buddy-agent-1.17.8.jar)
WARNING: If a serviceability tool is in use, please run with -XX:+EnableDynamicAgentLoading to hide this warning
WARNING: If a serviceability tool is not in use, please run with -Djdk.instrument.traceUsage for more information
WARNING: Dynamic loading of agents will be disallowed by default in a future release
]]></system-err>
  </testcase>
</testsuite>